<?xml version="1.0" encoding="UTF-8" ?>
<testsuite tests="3" failures="1" name="practice.AppTest" time="0.037" errors="0" skipped="0">
  <properties>
[...]
</properties>
  <testcase classname="practice.AppTest" name="testLogin1" time="0.025"/>
  <testcase classname="practice.AppTest" name="testLogin2" time="0"/>
  <testcase classname="practice.AppTest" name="testLogin3" time="0.012">
    <failure message="expected [0] but found [1]" type="java.lang.AssertionError">java.lang.AssertionError: expected [0] but found [1]
	at org.testng.Assert.fail(Assert.java:110)
	at org.testng.Assert.failNotEquals(Assert.java:1577)
	at org.testng.Assert.assertEqualsImpl(Assert.java:149)
	at org.testng.Assert.assertEquals(Assert.java:131)
	at org.testng.Assert.assertEquals(Assert.java:1418)
	at org.testng.Assert.assertEquals(Assert.java:1382)
	at org.testng.Assert.assertEquals(Assert.java:1428)
	at practice.AppTest.testLogin3(AppTest.java:24)
</failure>
  </testcase>
</testsuite>