<?xml version="1.0" encoding="UTF-8"?>
<testng-results ignored="0" total="0" passed="0" failed="0" skipped="0">
  <reporter-output>
  </reporter-output>
  <suite started-at="2024-05-13T14:43:20 IST" name="seleniumLogin11.LoginTest" finished-at="2024-05-13T14:43:20 IST" duration-ms="13">
    <groups>
    </groups>
    <test started-at="2024-05-13T14:43:20 IST" name="Command line test" finished-at="2024-05-13T14:43:20 IST" duration-ms="13">
    </test> <!-- Command line test -->
  </suite> <!-- seleniumLogin11.LoginTest -->
</testng-results>
