<?xml version="1.0" encoding="UTF-8"?>
<testng-results ignored="0" total="2" passed="2" failed="0" skipped="0">
  <reporter-output>
  </reporter-output>
  <suite started-at="2024-06-06T20:05:08 IST" name="Surefire suite" finished-at="2024-06-06T20:05:31 IST" duration-ms="23541">
    <groups>
    </groups>
    <test started-at="2024-06-06T20:05:08 IST" name="Surefire test" finished-at="2024-06-06T20:05:31 IST" duration-ms="23541">
      <class name="seleniumLogin.LoginTest">
        <test-method is-config="true" signature="setUp()[pri:0, instance:seleniumLogin.LoginTest@12d4bf7e]" started-at="2024-06-06T20:05:08 IST" name="setUp" finished-at="2024-06-06T20:05:15 IST" duration-ms="7516" status="PASS">
          <reporter-output>
          </reporter-output>
        </test-method> <!-- setUp -->
        <test-method signature="testLogin1()[pri:1, instance:seleniumLogin.LoginTest@12d4bf7e]" started-at="2024-06-06T20:05:16 IST" name="testLogin1" finished-at="2024-06-06T20:05:22 IST" duration-ms="6866" status="PASS">
          <reporter-output>
          </reporter-output>
        </test-method> <!-- testLogin1 -->
        <test-method is-config="true" signature="tearDown()[pri:0, instance:seleniumLogin.LoginTest@12d4bf7e]" started-at="2024-06-06T20:05:22 IST" name="tearDown" finished-at="2024-06-06T20:05:23 IST" duration-ms="432" status="PASS">
          <reporter-output>
          </reporter-output>
        </test-method> <!-- tearDown -->
        <test-method is-config="true" signature="setUp()[pri:0, instance:seleniumLogin.LoginTest@12d4bf7e]" started-at="2024-06-06T20:05:23 IST" name="setUp" finished-at="2024-06-06T20:05:25 IST" duration-ms="1775" status="PASS">
          <reporter-output>
          </reporter-output>
        </test-method> <!-- setUp -->
        <test-method signature="testLogin2()[pri:2, instance:seleniumLogin.LoginTest@12d4bf7e]" started-at="2024-06-06T20:05:25 IST" name="testLogin2" finished-at="2024-06-06T20:05:31 IST" duration-ms="6578" status="PASS">
          <reporter-output>
          </reporter-output>
        </test-method> <!-- testLogin2 -->
        <test-method is-config="true" signature="tearDown()[pri:0, instance:seleniumLogin.LoginTest@12d4bf7e]" started-at="2024-06-06T20:05:31 IST" name="tearDown" finished-at="2024-06-06T20:05:31 IST" duration-ms="317" status="PASS">
          <reporter-output>
          </reporter-output>
        </test-method> <!-- tearDown -->
      </class> <!-- seleniumLogin.LoginTest -->
    </test> <!-- Surefire test -->
  </suite> <!-- Surefire suite -->
</testng-results>
