<?xml version="1.0" encoding="UTF-8"?>
<testng-results ignored="0" total="2" passed="2" failed="0" skipped="0">
  <reporter-output>
  </reporter-output>
  <suite started-at="2024-05-13T14:36:27 IST" name="seleniumLogin.LoginTest" finished-at="2024-05-13T14:37:35 IST" duration-ms="67638">
    <groups>
    </groups>
    <test started-at="2024-05-13T14:36:27 IST" name="Command line test" finished-at="2024-05-13T14:37:35 IST" duration-ms="67638">
      <class name="seleniumLogin.LoginTest">
        <test-method is-config="true" signature="setUp()[pri:0, instance:seleniumLogin.LoginTest@77c2494c]" started-at="2024-05-13T14:36:27 IST" name="setUp" finished-at="2024-05-13T14:36:32 IST" duration-ms="5021" status="PASS">
          <reporter-output>
          </reporter-output>
        </test-method> <!-- setUp -->
        <test-method signature="testLogin1()[pri:1, instance:seleniumLogin.LoginTest@77c2494c]" started-at="2024-05-13T14:36:32 IST" name="testLogin1" finished-at="2024-05-13T14:37:21 IST" duration-ms="48269" status="PASS">
          <reporter-output>
          </reporter-output>
        </test-method> <!-- testLogin1 -->
        <test-method is-config="true" signature="tearDown()[pri:0, instance:seleniumLogin.LoginTest@77c2494c]" started-at="2024-05-13T14:37:21 IST" name="tearDown" finished-at="2024-05-13T14:37:21 IST" duration-ms="466" status="PASS">
          <reporter-output>
          </reporter-output>
        </test-method> <!-- tearDown -->
        <test-method is-config="true" signature="setUp()[pri:0, instance:seleniumLogin.LoginTest@77c2494c]" started-at="2024-05-13T14:37:21 IST" name="setUp" finished-at="2024-05-13T14:37:23 IST" duration-ms="1488" status="PASS">
          <reporter-output>
          </reporter-output>
        </test-method> <!-- setUp -->
        <test-method signature="testLogin2()[pri:2, instance:seleniumLogin.LoginTest@77c2494c]" started-at="2024-05-13T14:37:23 IST" name="testLogin2" finished-at="2024-05-13T14:37:35 IST" duration-ms="12120" status="PASS">
          <reporter-output>
          </reporter-output>
        </test-method> <!-- testLogin2 -->
        <test-method is-config="true" signature="tearDown()[pri:0, instance:seleniumLogin.LoginTest@77c2494c]" started-at="2024-05-13T14:37:35 IST" name="tearDown" finished-at="2024-05-13T14:37:35 IST" duration-ms="208" status="PASS">
          <reporter-output>
          </reporter-output>
        </test-method> <!-- tearDown -->
      </class> <!-- seleniumLogin.LoginTest -->
    </test> <!-- Command line test -->
  </suite> <!-- seleniumLogin.LoginTest -->
</testng-results>
